<?xml version="1.0" encoding="UTF-8"?>
<!-- Generated by org.testng.reporters.JUnitXMLReporter -->
<testsuite ignored="0" hostname="LAPTOP-28BM3ARG" failures="0" tests="5" name="Default test" time="2.39" errors="0" timestamp="2022-02-06T23:26:19 IST">
  <testcase classname="stepDefinition.DataProvider_1" name="api_for_testing_post_method_with_data_provider" time="0.78"/>
  <testcase classname="stepDefinition.DataProvider_1" name="api_for_testing_post_method_with_data_provider" time="0.003"/>
  <testcase classname="stepDefinition.DataProvider_1" name="api_for_testing_post_method_with_data_provider" time="0.003"/>
  <testcase classname="stepDefinition.DataProvider_1" name="posted_with_data_provider" time="1.55"/>
  <testcase classname="stepDefinition.DataProvider_1" name="validate_response_code" time="0.002"/>
</testsuite> <!-- Default test -->
