<?xml version="1.0" encoding="UTF-8"?>
<testng-results ignored="0" total="5" passed="5" failed="0" skipped="0">
  <reporter-output>
  </reporter-output>
  <suite started-at="2022-02-06T23:26:17 IST" name="Default suite" finished-at="2022-02-06T23:26:19 IST" duration-ms="2390">
    <groups>
    </groups>
    <test started-at="2022-02-06T23:26:17 IST" name="Default test" finished-at="2022-02-06T23:26:19 IST" duration-ms="2390">
      <class name="stepDefinition.DataProvider_1">
        <test-method signature="api_for_testing_post_method_with_data_provider(java.lang.String,java.lang.String)[pri:0, instance:stepDefinition.DataProvider_1@4466af20]" started-at="2022-02-06T23:26:17 IST" name="api_for_testing_post_method_with_data_provider" data-provider="User" finished-at="2022-02-06T23:26:18 IST" duration-ms="780" status="PASS">
          <params>
            <param index="0">
              <value>
                <![CDATA[Ajinkya]]>
              </value>
            </param>
            <param index="1">
              <value>
                <![CDATA[QA]]>
              </value>
            </param>
          </params>
          <reporter-output>
          </reporter-output>
        </test-method> <!-- api_for_testing_post_method_with_data_provider -->
        <test-method signature="api_for_testing_post_method_with_data_provider(java.lang.String,java.lang.String)[pri:0, instance:stepDefinition.DataProvider_1@4466af20]" started-at="2022-02-06T23:26:18 IST" name="api_for_testing_post_method_with_data_provider" data-provider="User" finished-at="2022-02-06T23:26:18 IST" duration-ms="3" status="PASS">
          <params>
            <param index="0">
              <value>
                <![CDATA[ABC]]>
              </value>
            </param>
            <param index="1">
              <value>
                <![CDATA[Leader]]>
              </value>
            </param>
          </params>
          <reporter-output>
          </reporter-output>
        </test-method> <!-- api_for_testing_post_method_with_data_provider -->
        <test-method signature="api_for_testing_post_method_with_data_provider(java.lang.String,java.lang.String)[pri:0, instance:stepDefinition.DataProvider_1@4466af20]" started-at="2022-02-06T23:26:18 IST" name="api_for_testing_post_method_with_data_provider" data-provider="User" finished-at="2022-02-06T23:26:18 IST" duration-ms="3" status="PASS">
          <params>
            <param index="0">
              <value>
                <![CDATA[XYZ]]>
              </value>
            </param>
            <param index="1">
              <value>
                <![CDATA[Teacher]]>
              </value>
            </param>
          </params>
          <reporter-output>
          </reporter-output>
        </test-method> <!-- api_for_testing_post_method_with_data_provider -->
        <test-method signature="posted_with_data_provider()[pri:0, instance:stepDefinition.DataProvider_1@4466af20]" started-at="2022-02-06T23:26:18 IST" name="posted_with_data_provider" finished-at="2022-02-06T23:26:19 IST" duration-ms="1550" status="PASS">
          <reporter-output>
          </reporter-output>
        </test-method> <!-- posted_with_data_provider -->
        <test-method signature="validate_response_code()[pri:0, instance:stepDefinition.DataProvider_1@4466af20]" started-at="2022-02-06T23:26:19 IST" name="validate_response_code" finished-at="2022-02-06T23:26:19 IST" duration-ms="2" status="PASS">
          <reporter-output>
          </reporter-output>
        </test-method> <!-- validate_response_code -->
      </class> <!-- stepDefinition.DataProvider_1 -->
    </test> <!-- Default test -->
  </suite> <!-- Default suite -->
</testng-results>
