<?xml version="1.0" encoding="UTF-8"?>
<testng-results ignored="0" total="1" passed="1" failed="0" skipped="0">
  <reporter-output>
  </reporter-output>
  <suite started-at="2022-02-03T13:48:29 IST" name="Default suite" finished-at="2022-02-03T13:48:34 IST" duration-ms="5121">
    <groups>
    </groups>
    <test started-at="2022-02-03T13:48:29 IST" name="Default test" finished-at="2022-02-03T13:48:34 IST" duration-ms="5121">
      <class name="assignment2.POST">
        <test-method signature="test1()[pri:0, instance:assignment2.POST@123ef382]" started-at="2022-02-03T13:48:29 IST" name="test1" finished-at="2022-02-03T13:48:34 IST" duration-ms="5026" status="PASS">
          <reporter-output>
          </reporter-output>
        </test-method> <!-- test1 -->
      </class> <!-- assignment2.POST -->
    </test> <!-- Default test -->
  </suite> <!-- Default suite -->
</testng-results>
